[INFO] [2016-08-17 18:13:04][org.springframework.web.context.ContextLoader]Root WebApplicationContext: initialization started
  [INFO] [2016-08-17 18:13:04][org.springframework.web.context.support.XmlWebApplicationContext]Refreshing Root WebApplicationContext: startup date [Wed Aug 17 18:13:04 CST 2016]; root of context hierarchy
  [INFO] [2016-08-17 18:13:04][org.springframework.beans.factory.xml.XmlBeanDefinitionReader]Loading XML bean definitions from file [D:\workspace\kepler\demo-ssm\target\classes\spring\applicationContext-mybatis.xml]
  [INFO] [2016-08-17 18:13:04][org.springframework.beans.factory.xml.XmlBeanDefinitionReader]Loading XML bean definitions from file [D:\workspace\kepler\demo-ssm\target\classes\spring\applicationContext-service.xml]
  [INFO] [2016-08-17 18:13:04][org.springframework.context.annotation.ClassPathBeanDefinitionScanner]JSR-330 'javax.inject.Named' annotation found and supported for component scanning
  [INFO] [2016-08-17 18:13:05][org.springframework.context.support.PropertySourcesPlaceholderConfigurer]Loading properties file from class path resource [application.properties]
  [INFO] [2016-08-17 18:13:05][org.springframework.beans.factory.annotation.AutowiredAnnotationBeanPostProcessor]JSR-330 'javax.inject.Inject' annotation found and supported for autowiring
  [INFO] [2016-08-17 18:13:05][org.springframework.beans.factory.support.DefaultListableBeanFactory]Pre-instantiating singletons in org.springframework.beans.factory.support.DefaultListableBeanFactory@2d5c3087: defining beans [org.springframework.context.support.PropertySourcesPlaceholderConfigurer#0,dataSource,statFilter,slf4jLogFilter,transactionManager,sqlSessionFactory,org.mybatis.spring.mapper.MapperScannerConfigurer#0,userService,org.springframework.context.annotation.internalConfigurationAnnotationProcessor,org.springframework.context.annotation.internalAutowiredAnnotationProcessor,org.springframework.context.annotation.internalRequiredAnnotationProcessor,org.springframework.context.annotation.internalCommonAnnotationProcessor,userDao,org.springframework.context.annotation.ConfigurationClassPostProcessor.importAwareProcessor]; root of factory hierarchy
  [INFO] [2016-08-17 18:13:06][com.alibaba.druid.pool.DruidDataSource]{dataSource-1} inited
  [INFO] [2016-08-17 18:13:07][org.springframework.web.context.ContextLoader]Root WebApplicationContext: initialization completed in 2587 ms
  [INFO] [2016-08-17 18:13:07][org.springframework.web.servlet.DispatcherServlet]FrameworkServlet 'springmvc': initialization started
  [INFO] [2016-08-17 18:13:07][org.springframework.web.context.support.XmlWebApplicationContext]Refreshing WebApplicationContext for namespace 'springmvc-servlet': startup date [Wed Aug 17 18:13:07 CST 2016]; parent: Root WebApplicationContext
  [INFO] [2016-08-17 18:13:07][org.springframework.beans.factory.xml.XmlBeanDefinitionReader]Loading XML bean definitions from class path resource [spring/spring-mvc.xml]
  [INFO] [2016-08-17 18:13:07][org.springframework.context.annotation.ClassPathBeanDefinitionScanner]JSR-330 'javax.inject.Named' annotation found and supported for component scanning
  [INFO] [2016-08-17 18:13:07][org.springframework.beans.factory.annotation.AutowiredAnnotationBeanPostProcessor]JSR-330 'javax.inject.Inject' annotation found and supported for autowiring
  [INFO] [2016-08-17 18:13:07][org.springframework.beans.factory.support.DefaultListableBeanFactory]Pre-instantiating singletons in org.springframework.beans.factory.support.DefaultListableBeanFactory@3a8cab90: defining beans [demoController,org.springframework.context.annotation.internalConfigurationAnnotationProcessor,org.springframework.context.annotation.internalAutowiredAnnotationProcessor,org.springframework.context.annotation.internalRequiredAnnotationProcessor,org.springframework.context.annotation.internalCommonAnnotationProcessor,org.springframework.context.annotation.ConfigurationClassPostProcessor.importAwareProcessor]; parent: org.springframework.beans.factory.support.DefaultListableBeanFactory@2d5c3087
  [INFO] [2016-08-17 18:13:07][org.springframework.web.servlet.mvc.annotation.DefaultAnnotationHandlerMapping]Mapped URL path [/demo/helloworld] onto handler 'demoController'
  [INFO] [2016-08-17 18:13:07][org.springframework.web.servlet.mvc.annotation.DefaultAnnotationHandlerMapping]Mapped URL path [/demo/helloworld.*] onto handler 'demoController'
  [INFO] [2016-08-17 18:13:07][org.springframework.web.servlet.mvc.annotation.DefaultAnnotationHandlerMapping]Mapped URL path [/demo/helloworld/] onto handler 'demoController'
  [INFO] [2016-08-17 18:13:07][org.springframework.web.servlet.DispatcherServlet]FrameworkServlet 'springmvc': initialization completed in 471 ms
  [INFO] [2016-08-17 18:17:50][org.springframework.web.context.ContextLoader]Root WebApplicationContext: initialization started
  [INFO] [2016-08-17 18:17:50][org.springframework.web.context.support.XmlWebApplicationContext]Refreshing Root WebApplicationContext: startup date [Wed Aug 17 18:17:50 CST 2016]; root of context hierarchy
  [INFO] [2016-08-17 18:17:50][org.springframework.beans.factory.xml.XmlBeanDefinitionReader]Loading XML bean definitions from file [D:\workspace\kepler\demo-ssm\target\classes\spring\applicationContext-mybatis.xml]
  [INFO] [2016-08-17 18:17:50][org.springframework.beans.factory.xml.XmlBeanDefinitionReader]Loading XML bean definitions from file [D:\workspace\kepler\demo-ssm\target\classes\spring\applicationContext-service.xml]
  [INFO] [2016-08-17 18:17:50][org.springframework.context.annotation.ClassPathBeanDefinitionScanner]JSR-330 'javax.inject.Named' annotation found and supported for component scanning
  [INFO] [2016-08-17 18:17:51][org.springframework.context.support.PropertySourcesPlaceholderConfigurer]Loading properties file from class path resource [application.properties]
  [INFO] [2016-08-17 18:17:51][org.springframework.beans.factory.annotation.AutowiredAnnotationBeanPostProcessor]JSR-330 'javax.inject.Inject' annotation found and supported for autowiring
  [INFO] [2016-08-17 18:17:51][org.springframework.beans.factory.support.DefaultListableBeanFactory]Pre-instantiating singletons in org.springframework.beans.factory.support.DefaultListableBeanFactory@4e9e7ea3: defining beans [org.springframework.context.support.PropertySourcesPlaceholderConfigurer#0,dataSource,statFilter,slf4jLogFilter,transactionManager,sqlSessionFactory,org.mybatis.spring.mapper.MapperScannerConfigurer#0,userService,org.springframework.context.annotation.internalConfigurationAnnotationProcessor,org.springframework.context.annotation.internalAutowiredAnnotationProcessor,org.springframework.context.annotation.internalRequiredAnnotationProcessor,org.springframework.context.annotation.internalCommonAnnotationProcessor,userDao,org.springframework.context.annotation.ConfigurationClassPostProcessor.importAwareProcessor]; root of factory hierarchy
  [INFO] [2016-08-17 18:17:52][com.alibaba.druid.pool.DruidDataSource]{dataSource-1} inited
  [INFO] [2016-08-17 18:17:53][org.springframework.web.context.ContextLoader]Root WebApplicationContext: initialization completed in 2507 ms
  [INFO] [2016-08-17 18:17:53][org.springframework.web.servlet.DispatcherServlet]FrameworkServlet 'springmvc': initialization started
  [INFO] [2016-08-17 18:17:53][org.springframework.web.context.support.XmlWebApplicationContext]Refreshing WebApplicationContext for namespace 'springmvc-servlet': startup date [Wed Aug 17 18:17:53 CST 2016]; parent: Root WebApplicationContext
  [INFO] [2016-08-17 18:17:53][org.springframework.beans.factory.xml.XmlBeanDefinitionReader]Loading XML bean definitions from class path resource [spring/spring-mvc.xml]
  [INFO] [2016-08-17 18:17:53][org.springframework.context.annotation.ClassPathBeanDefinitionScanner]JSR-330 'javax.inject.Named' annotation found and supported for component scanning
  [INFO] [2016-08-17 18:17:53][org.springframework.beans.factory.annotation.AutowiredAnnotationBeanPostProcessor]JSR-330 'javax.inject.Inject' annotation found and supported for autowiring
  [INFO] [2016-08-17 18:17:53][org.springframework.beans.factory.support.DefaultListableBeanFactory]Pre-instantiating singletons in org.springframework.beans.factory.support.DefaultListableBeanFactory@2c1af24a: defining beans [demoController,org.springframework.context.annotation.internalConfigurationAnnotationProcessor,org.springframework.context.annotation.internalAutowiredAnnotationProcessor,org.springframework.context.annotation.internalRequiredAnnotationProcessor,org.springframework.context.annotation.internalCommonAnnotationProcessor,org.springframework.context.annotation.ConfigurationClassPostProcessor.importAwareProcessor]; parent: org.springframework.beans.factory.support.DefaultListableBeanFactory@4e9e7ea3
  [INFO] [2016-08-17 18:17:53][org.springframework.web.servlet.mvc.annotation.DefaultAnnotationHandlerMapping]Mapped URL path [/demo/helloworld] onto handler 'demoController'
  [INFO] [2016-08-17 18:17:53][org.springframework.web.servlet.mvc.annotation.DefaultAnnotationHandlerMapping]Mapped URL path [/demo/helloworld.*] onto handler 'demoController'
  [INFO] [2016-08-17 18:17:53][org.springframework.web.servlet.mvc.annotation.DefaultAnnotationHandlerMapping]Mapped URL path [/demo/helloworld/] onto handler 'demoController'
  [INFO] [2016-08-17 18:17:53][org.springframework.web.servlet.DispatcherServlet]FrameworkServlet 'springmvc': initialization completed in 402 ms
  [INFO] [2016-08-17 18:18:06][cn.icartoons.demo.controller.DemoController]user:User[id=1,username=Lucy,password=123].
  [INFO] [2016-08-18 09:28:38][org.springframework.web.context.ContextLoader]Root WebApplicationContext: initialization started
  [INFO] [2016-08-18 09:28:38][org.springframework.web.context.support.XmlWebApplicationContext]Refreshing Root WebApplicationContext: startup date [Thu Aug 18 09:28:38 CST 2016]; root of context hierarchy
  [INFO] [2016-08-18 09:28:39][org.springframework.beans.factory.xml.XmlBeanDefinitionReader]Loading XML bean definitions from file [D:\workspace\kepler\demo-ssm\target\classes\spring\applicationContext-mybatis.xml]
  [INFO] [2016-08-18 09:28:39][org.springframework.beans.factory.xml.XmlBeanDefinitionReader]Loading XML bean definitions from file [D:\workspace\kepler\demo-ssm\target\classes\spring\applicationContext-service.xml]
  [INFO] [2016-08-18 09:28:39][org.springframework.context.annotation.ClassPathBeanDefinitionScanner]JSR-330 'javax.inject.Named' annotation found and supported for component scanning
  [INFO] [2016-08-18 09:28:39][org.springframework.context.support.PropertySourcesPlaceholderConfigurer]Loading properties file from class path resource [application.properties]
  [INFO] [2016-08-18 09:28:39][org.springframework.beans.factory.annotation.AutowiredAnnotationBeanPostProcessor]JSR-330 'javax.inject.Inject' annotation found and supported for autowiring
  [INFO] [2016-08-18 09:28:39][org.springframework.beans.factory.support.DefaultListableBeanFactory]Pre-instantiating singletons in org.springframework.beans.factory.support.DefaultListableBeanFactory@27aa4896: defining beans [org.springframework.context.support.PropertySourcesPlaceholderConfigurer#0,dataSource,statFilter,slf4jLogFilter,transactionManager,sqlSessionFactory,org.mybatis.spring.mapper.MapperScannerConfigurer#0,userService,org.springframework.context.annotation.internalConfigurationAnnotationProcessor,org.springframework.context.annotation.internalAutowiredAnnotationProcessor,org.springframework.context.annotation.internalRequiredAnnotationProcessor,org.springframework.context.annotation.internalCommonAnnotationProcessor,userDao,org.springframework.context.annotation.ConfigurationClassPostProcessor.importAwareProcessor]; root of factory hierarchy
  [INFO] [2016-08-18 09:28:40][com.alibaba.druid.pool.DruidDataSource]{dataSource-1} inited
  [INFO] [2016-08-18 09:28:41][org.springframework.web.context.ContextLoader]Root WebApplicationContext: initialization completed in 2551 ms
  [INFO] [2016-08-18 09:28:41][org.springframework.web.servlet.DispatcherServlet]FrameworkServlet 'springmvc': initialization started
  [INFO] [2016-08-18 09:28:41][org.springframework.web.context.support.XmlWebApplicationContext]Refreshing WebApplicationContext for namespace 'springmvc-servlet': startup date [Thu Aug 18 09:28:41 CST 2016]; parent: Root WebApplicationContext
  [INFO] [2016-08-18 09:28:41][org.springframework.beans.factory.xml.XmlBeanDefinitionReader]Loading XML bean definitions from class path resource [spring/spring-mvc.xml]
  [INFO] [2016-08-18 09:28:41][org.springframework.context.annotation.ClassPathBeanDefinitionScanner]JSR-330 'javax.inject.Named' annotation found and supported for component scanning
  [INFO] [2016-08-18 09:28:41][org.springframework.beans.factory.annotation.AutowiredAnnotationBeanPostProcessor]JSR-330 'javax.inject.Inject' annotation found and supported for autowiring
  [INFO] [2016-08-18 09:28:41][org.springframework.beans.factory.support.DefaultListableBeanFactory]Pre-instantiating singletons in org.springframework.beans.factory.support.DefaultListableBeanFactory@29bf1385: defining beans [demoController,org.springframework.context.annotation.internalConfigurationAnnotationProcessor,org.springframework.context.annotation.internalAutowiredAnnotationProcessor,org.springframework.context.annotation.internalRequiredAnnotationProcessor,org.springframework.context.annotation.internalCommonAnnotationProcessor,org.springframework.context.annotation.ConfigurationClassPostProcessor.importAwareProcessor]; parent: org.springframework.beans.factory.support.DefaultListableBeanFactory@27aa4896
  [INFO] [2016-08-18 09:28:41][org.springframework.web.servlet.mvc.annotation.DefaultAnnotationHandlerMapping]Mapped URL path [/demo/helloworld] onto handler 'demoController'
  [INFO] [2016-08-18 09:28:41][org.springframework.web.servlet.mvc.annotation.DefaultAnnotationHandlerMapping]Mapped URL path [/demo/helloworld.*] onto handler 'demoController'
  [INFO] [2016-08-18 09:28:41][org.springframework.web.servlet.mvc.annotation.DefaultAnnotationHandlerMapping]Mapped URL path [/demo/helloworld/] onto handler 'demoController'
  [INFO] [2016-08-18 09:28:41][org.springframework.web.servlet.DispatcherServlet]FrameworkServlet 'springmvc': initialization completed in 456 ms
  [INFO] [2016-08-18 09:29:30][org.springframework.web.context.ContextLoader]Root WebApplicationContext: initialization started
  [INFO] [2016-08-18 09:29:30][org.springframework.web.context.support.XmlWebApplicationContext]Refreshing Root WebApplicationContext: startup date [Thu Aug 18 09:29:30 CST 2016]; root of context hierarchy
  [INFO] [2016-08-18 09:29:30][org.springframework.beans.factory.xml.XmlBeanDefinitionReader]Loading XML bean definitions from file [D:\workspace\kepler\demo-ssm\target\classes\spring\applicationContext-mybatis.xml]
  [INFO] [2016-08-18 09:29:31][org.springframework.beans.factory.xml.XmlBeanDefinitionReader]Loading XML bean definitions from file [D:\workspace\kepler\demo-ssm\target\classes\spring\applicationContext-service.xml]
  [INFO] [2016-08-18 09:29:31][org.springframework.context.annotation.ClassPathBeanDefinitionScanner]JSR-330 'javax.inject.Named' annotation found and supported for component scanning
  [INFO] [2016-08-18 09:29:31][org.springframework.context.support.PropertySourcesPlaceholderConfigurer]Loading properties file from class path resource [application.properties]
  [INFO] [2016-08-18 09:29:31][org.springframework.beans.factory.annotation.AutowiredAnnotationBeanPostProcessor]JSR-330 'javax.inject.Inject' annotation found and supported for autowiring
  [INFO] [2016-08-18 09:29:31][org.springframework.beans.factory.support.DefaultListableBeanFactory]Pre-instantiating singletons in org.springframework.beans.factory.support.DefaultListableBeanFactory@2ea3cba9: defining beans [org.springframework.context.support.PropertySourcesPlaceholderConfigurer#0,dataSource,statFilter,slf4jLogFilter,transactionManager,sqlSessionFactory,org.mybatis.spring.mapper.MapperScannerConfigurer#0,userService,org.springframework.context.annotation.internalConfigurationAnnotationProcessor,org.springframework.context.annotation.internalAutowiredAnnotationProcessor,org.springframework.context.annotation.internalRequiredAnnotationProcessor,org.springframework.context.annotation.internalCommonAnnotationProcessor,userDao,org.springframework.context.annotation.ConfigurationClassPostProcessor.importAwareProcessor]; root of factory hierarchy
  [INFO] [2016-08-18 09:29:33][com.alibaba.druid.pool.DruidDataSource]{dataSource-1} inited
  [INFO] [2016-08-18 09:29:33][org.springframework.web.context.ContextLoader]Root WebApplicationContext: initialization completed in 2603 ms
  [INFO] [2016-08-18 09:29:33][org.springframework.web.servlet.DispatcherServlet]FrameworkServlet 'springmvc': initialization started
  [INFO] [2016-08-18 09:29:33][org.springframework.web.context.support.XmlWebApplicationContext]Refreshing WebApplicationContext for namespace 'springmvc-servlet': startup date [Thu Aug 18 09:29:33 CST 2016]; parent: Root WebApplicationContext
  [INFO] [2016-08-18 09:29:33][org.springframework.beans.factory.xml.XmlBeanDefinitionReader]Loading XML bean definitions from class path resource [spring/spring-mvc.xml]
  [INFO] [2016-08-18 09:29:33][org.springframework.context.annotation.ClassPathBeanDefinitionScanner]JSR-330 'javax.inject.Named' annotation found and supported for component scanning
  [INFO] [2016-08-18 09:29:33][org.springframework.beans.factory.annotation.AutowiredAnnotationBeanPostProcessor]JSR-330 'javax.inject.Inject' annotation found and supported for autowiring
  [INFO] [2016-08-18 09:29:33][org.springframework.beans.factory.support.DefaultListableBeanFactory]Pre-instantiating singletons in org.springframework.beans.factory.support.DefaultListableBeanFactory@63a2929d: defining beans [demoController,org.springframework.context.annotation.internalConfigurationAnnotationProcessor,org.springframework.context.annotation.internalAutowiredAnnotationProcessor,org.springframework.context.annotation.internalRequiredAnnotationProcessor,org.springframework.context.annotation.internalCommonAnnotationProcessor,org.springframework.context.annotation.ConfigurationClassPostProcessor.importAwareProcessor]; parent: org.springframework.beans.factory.support.DefaultListableBeanFactory@2ea3cba9
  [INFO] [2016-08-18 09:29:33][org.springframework.web.servlet.mvc.annotation.DefaultAnnotationHandlerMapping]Mapped URL path [/demo/helloworld] onto handler 'demoController'
  [INFO] [2016-08-18 09:29:33][org.springframework.web.servlet.mvc.annotation.DefaultAnnotationHandlerMapping]Mapped URL path [/demo/helloworld.*] onto handler 'demoController'
  [INFO] [2016-08-18 09:29:33][org.springframework.web.servlet.mvc.annotation.DefaultAnnotationHandlerMapping]Mapped URL path [/demo/helloworld/] onto handler 'demoController'
  [INFO] [2016-08-18 09:29:33][org.springframework.web.servlet.DispatcherServlet]FrameworkServlet 'springmvc': initialization completed in 362 ms
  [INFO] [2016-08-18 09:30:09][org.springframework.web.context.ContextLoader]Root WebApplicationContext: initialization started
  [INFO] [2016-08-18 09:30:09][org.springframework.web.context.support.XmlWebApplicationContext]Refreshing Root WebApplicationContext: startup date [Thu Aug 18 09:30:09 CST 2016]; root of context hierarchy
  [INFO] [2016-08-18 09:30:09][org.springframework.beans.factory.xml.XmlBeanDefinitionReader]Loading XML bean definitions from file [D:\workspace\kepler\demo-ssm\target\classes\spring\applicationContext-mybatis.xml]
  [INFO] [2016-08-18 09:30:09][org.springframework.beans.factory.xml.XmlBeanDefinitionReader]Loading XML bean definitions from file [D:\workspace\kepler\demo-ssm\target\classes\spring\applicationContext-service.xml]
  [INFO] [2016-08-18 09:30:09][org.springframework.context.annotation.ClassPathBeanDefinitionScanner]JSR-330 'javax.inject.Named' annotation found and supported for component scanning
  [INFO] [2016-08-18 09:30:09][org.springframework.context.support.PropertySourcesPlaceholderConfigurer]Loading properties file from class path resource [application.properties]
  [INFO] [2016-08-18 09:30:09][org.springframework.beans.factory.annotation.AutowiredAnnotationBeanPostProcessor]JSR-330 'javax.inject.Inject' annotation found and supported for autowiring
  [INFO] [2016-08-18 09:30:09][org.springframework.beans.factory.support.DefaultListableBeanFactory]Pre-instantiating singletons in org.springframework.beans.factory.support.DefaultListableBeanFactory@488a358e: defining beans [org.springframework.context.support.PropertySourcesPlaceholderConfigurer#0,dataSource,statFilter,slf4jLogFilter,transactionManager,sqlSessionFactory,org.mybatis.spring.mapper.MapperScannerConfigurer#0,userService,org.springframework.context.annotation.internalConfigurationAnnotationProcessor,org.springframework.context.annotation.internalAutowiredAnnotationProcessor,org.springframework.context.annotation.internalRequiredAnnotationProcessor,org.springframework.context.annotation.internalCommonAnnotationProcessor,userDao,org.springframework.context.annotation.ConfigurationClassPostProcessor.importAwareProcessor]; root of factory hierarchy
  [INFO] [2016-08-18 09:30:11][com.alibaba.druid.pool.DruidDataSource]{dataSource-1} inited
  [INFO] [2016-08-18 09:30:11][org.springframework.web.context.ContextLoader]Root WebApplicationContext: initialization completed in 2531 ms
  [INFO] [2016-08-18 09:30:11][org.springframework.web.servlet.DispatcherServlet]FrameworkServlet 'springmvc': initialization started
  [INFO] [2016-08-18 09:30:11][org.springframework.web.context.support.XmlWebApplicationContext]Refreshing WebApplicationContext for namespace 'springmvc-servlet': startup date [Thu Aug 18 09:30:11 CST 2016]; parent: Root WebApplicationContext
  [INFO] [2016-08-18 09:30:11][org.springframework.beans.factory.xml.XmlBeanDefinitionReader]Loading XML bean definitions from class path resource [spring/spring-mvc.xml]
  [INFO] [2016-08-18 09:30:11][org.springframework.context.annotation.ClassPathBeanDefinitionScanner]JSR-330 'javax.inject.Named' annotation found and supported for component scanning
  [INFO] [2016-08-18 09:30:11][org.springframework.beans.factory.annotation.AutowiredAnnotationBeanPostProcessor]JSR-330 'javax.inject.Inject' annotation found and supported for autowiring
  [INFO] [2016-08-18 09:30:11][org.springframework.beans.factory.support.DefaultListableBeanFactory]Pre-instantiating singletons in org.springframework.beans.factory.support.DefaultListableBeanFactory@18712bc9: defining beans [demoController,org.springframework.context.annotation.internalConfigurationAnnotationProcessor,org.springframework.context.annotation.internalAutowiredAnnotationProcessor,org.springframework.context.annotation.internalRequiredAnnotationProcessor,org.springframework.context.annotation.internalCommonAnnotationProcessor,org.springframework.context.annotation.ConfigurationClassPostProcessor.importAwareProcessor]; parent: org.springframework.beans.factory.support.DefaultListableBeanFactory@488a358e
  [INFO] [2016-08-18 09:30:12][org.springframework.web.servlet.mvc.annotation.DefaultAnnotationHandlerMapping]Mapped URL path [/demo/helloworld] onto handler 'demoController'
  [INFO] [2016-08-18 09:30:12][org.springframework.web.servlet.mvc.annotation.DefaultAnnotationHandlerMapping]Mapped URL path [/demo/helloworld.*] onto handler 'demoController'
  [INFO] [2016-08-18 09:30:12][org.springframework.web.servlet.mvc.annotation.DefaultAnnotationHandlerMapping]Mapped URL path [/demo/helloworld/] onto handler 'demoController'
  [INFO] [2016-08-18 09:30:12][org.springframework.web.servlet.DispatcherServlet]FrameworkServlet 'springmvc': initialization completed in 391 ms
  [INFO] [2016-08-18 09:31:42][org.springframework.web.context.ContextLoader]Root WebApplicationContext: initialization started
  [INFO] [2016-08-18 09:31:42][org.springframework.web.context.support.XmlWebApplicationContext]Refreshing Root WebApplicationContext: startup date [Thu Aug 18 09:31:42 CST 2016]; root of context hierarchy
  [INFO] [2016-08-18 09:31:42][org.springframework.beans.factory.xml.XmlBeanDefinitionReader]Loading XML bean definitions from file [D:\workspace\kepler\demo-ssm\target\classes\spring\applicationContext-mybatis.xml]
  [INFO] [2016-08-18 09:31:42][org.springframework.beans.factory.xml.XmlBeanDefinitionReader]Loading XML bean definitions from file [D:\workspace\kepler\demo-ssm\target\classes\spring\applicationContext-service.xml]
  [INFO] [2016-08-18 09:31:42][org.springframework.context.annotation.ClassPathBeanDefinitionScanner]JSR-330 'javax.inject.Named' annotation found and supported for component scanning
  [INFO] [2016-08-18 09:31:43][org.springframework.context.support.PropertySourcesPlaceholderConfigurer]Loading properties file from class path resource [application.properties]
  [INFO] [2016-08-18 09:31:43][org.springframework.beans.factory.annotation.AutowiredAnnotationBeanPostProcessor]JSR-330 'javax.inject.Inject' annotation found and supported for autowiring
  [INFO] [2016-08-18 09:31:43][org.springframework.beans.factory.support.DefaultListableBeanFactory]Pre-instantiating singletons in org.springframework.beans.factory.support.DefaultListableBeanFactory@4db2bf02: defining beans [org.springframework.context.support.PropertySourcesPlaceholderConfigurer#0,dataSource,statFilter,slf4jLogFilter,transactionManager,sqlSessionFactory,org.mybatis.spring.mapper.MapperScannerConfigurer#0,userService,org.springframework.context.annotation.internalConfigurationAnnotationProcessor,org.springframework.context.annotation.internalAutowiredAnnotationProcessor,org.springframework.context.annotation.internalRequiredAnnotationProcessor,org.springframework.context.annotation.internalCommonAnnotationProcessor,userDao,org.springframework.context.annotation.ConfigurationClassPostProcessor.importAwareProcessor]; root of factory hierarchy
  [INFO] [2016-08-18 09:31:44][com.alibaba.druid.pool.DruidDataSource]{dataSource-1} inited
  [INFO] [2016-08-18 09:31:45][org.springframework.web.context.ContextLoader]Root WebApplicationContext: initialization completed in 2440 ms
  [INFO] [2016-08-18 09:31:45][org.springframework.web.servlet.DispatcherServlet]FrameworkServlet 'springmvc': initialization started
  [INFO] [2016-08-18 09:31:45][org.springframework.web.context.support.XmlWebApplicationContext]Refreshing WebApplicationContext for namespace 'springmvc-servlet': startup date [Thu Aug 18 09:31:45 CST 2016]; parent: Root WebApplicationContext
  [INFO] [2016-08-18 09:31:45][org.springframework.beans.factory.xml.XmlBeanDefinitionReader]Loading XML bean definitions from class path resource [spring/spring-mvc.xml]
  [INFO] [2016-08-18 09:31:45][org.springframework.context.annotation.ClassPathBeanDefinitionScanner]JSR-330 'javax.inject.Named' annotation found and supported for component scanning
  [INFO] [2016-08-18 09:31:45][org.springframework.beans.factory.annotation.AutowiredAnnotationBeanPostProcessor]JSR-330 'javax.inject.Inject' annotation found and supported for autowiring
  [INFO] [2016-08-18 09:31:45][org.springframework.beans.factory.support.DefaultListableBeanFactory]Pre-instantiating singletons in org.springframework.beans.factory.support.DefaultListableBeanFactory@21c96fe0: defining beans [demoController,org.springframework.context.annotation.internalConfigurationAnnotationProcessor,org.springframework.context.annotation.internalAutowiredAnnotationProcessor,org.springframework.context.annotation.internalRequiredAnnotationProcessor,org.springframework.context.annotation.internalCommonAnnotationProcessor,org.springframework.context.annotation.ConfigurationClassPostProcessor.importAwareProcessor]; parent: org.springframework.beans.factory.support.DefaultListableBeanFactory@4db2bf02
  [INFO] [2016-08-18 09:31:45][org.springframework.web.servlet.mvc.annotation.DefaultAnnotationHandlerMapping]Mapped URL path [/demo/helloworld] onto handler 'demoController'
  [INFO] [2016-08-18 09:31:45][org.springframework.web.servlet.mvc.annotation.DefaultAnnotationHandlerMapping]Mapped URL path [/demo/helloworld.*] onto handler 'demoController'
  [INFO] [2016-08-18 09:31:45][org.springframework.web.servlet.mvc.annotation.DefaultAnnotationHandlerMapping]Mapped URL path [/demo/helloworld/] onto handler 'demoController'
  [INFO] [2016-08-18 09:31:45][org.springframework.web.servlet.DispatcherServlet]FrameworkServlet 'springmvc': initialization completed in 346 ms
  [INFO] [2016-08-18 09:32:37][cn.icartoons.demo.controller.DemoController]user:User[id=1,username=Lucy,password=123].
  [INFO] [2016-08-18 09:53:58][org.springframework.web.context.ContextLoader]Root WebApplicationContext: initialization started
  [INFO] [2016-08-18 09:53:58][org.springframework.web.context.support.XmlWebApplicationContext]Refreshing Root WebApplicationContext: startup date [Thu Aug 18 09:53:58 CST 2016]; root of context hierarchy
  [INFO] [2016-08-18 09:53:58][org.springframework.beans.factory.xml.XmlBeanDefinitionReader]Loading XML bean definitions from file [D:\workspace\kepler\demo-ssm\target\classes\spring\applicationContext-mybatis.xml]
  [INFO] [2016-08-18 09:53:58][org.springframework.beans.factory.xml.XmlBeanDefinitionReader]Loading XML bean definitions from file [D:\workspace\kepler\demo-ssm\target\classes\spring\applicationContext-service.xml]
  [INFO] [2016-08-18 09:53:58][org.springframework.context.annotation.ClassPathBeanDefinitionScanner]JSR-330 'javax.inject.Named' annotation found and supported for component scanning
  [INFO] [2016-08-18 09:53:58][org.springframework.context.support.PropertySourcesPlaceholderConfigurer]Loading properties file from class path resource [application.properties]
  [INFO] [2016-08-18 09:53:58][org.springframework.beans.factory.annotation.AutowiredAnnotationBeanPostProcessor]JSR-330 'javax.inject.Inject' annotation found and supported for autowiring
  [INFO] [2016-08-18 09:53:58][org.springframework.beans.factory.support.DefaultListableBeanFactory]Pre-instantiating singletons in org.springframework.beans.factory.support.DefaultListableBeanFactory@2b5a4dac: defining beans [org.springframework.context.support.PropertySourcesPlaceholderConfigurer#0,dataSource,statFilter,slf4jLogFilter,transactionManager,sqlSessionFactory,org.mybatis.spring.mapper.MapperScannerConfigurer#0,userService,org.springframework.context.annotation.internalConfigurationAnnotationProcessor,org.springframework.context.annotation.internalAutowiredAnnotationProcessor,org.springframework.context.annotation.internalRequiredAnnotationProcessor,org.springframework.context.annotation.internalCommonAnnotationProcessor,userDao,org.springframework.context.annotation.ConfigurationClassPostProcessor.importAwareProcessor]; root of factory hierarchy
  [INFO] [2016-08-18 09:54:00][com.alibaba.druid.pool.DruidDataSource]{dataSource-1} inited
  [INFO] [2016-08-18 09:54:00][org.springframework.web.context.ContextLoader]Root WebApplicationContext: initialization completed in 2478 ms
  [INFO] [2016-08-18 09:54:00][org.springframework.web.servlet.DispatcherServlet]FrameworkServlet 'springmvc': initialization started
  [INFO] [2016-08-18 09:54:00][org.springframework.web.context.support.XmlWebApplicationContext]Refreshing WebApplicationContext for namespace 'springmvc-servlet': startup date [Thu Aug 18 09:54:00 CST 2016]; parent: Root WebApplicationContext
  [INFO] [2016-08-18 09:54:00][org.springframework.beans.factory.xml.XmlBeanDefinitionReader]Loading XML bean definitions from class path resource [spring/spring-mvc.xml]
  [INFO] [2016-08-18 09:54:00][org.springframework.context.annotation.ClassPathBeanDefinitionScanner]JSR-330 'javax.inject.Named' annotation found and supported for component scanning
  [INFO] [2016-08-18 09:54:00][org.springframework.beans.factory.annotation.AutowiredAnnotationBeanPostProcessor]JSR-330 'javax.inject.Inject' annotation found and supported for autowiring
  [INFO] [2016-08-18 09:54:00][org.springframework.beans.factory.support.DefaultListableBeanFactory]Pre-instantiating singletons in org.springframework.beans.factory.support.DefaultListableBeanFactory@51793685: defining beans [demoController,org.springframework.context.annotation.internalConfigurationAnnotationProcessor,org.springframework.context.annotation.internalAutowiredAnnotationProcessor,org.springframework.context.annotation.internalRequiredAnnotationProcessor,org.springframework.context.annotation.internalCommonAnnotationProcessor,org.springframework.context.annotation.ConfigurationClassPostProcessor.importAwareProcessor]; parent: org.springframework.beans.factory.support.DefaultListableBeanFactory@2b5a4dac
  [INFO] [2016-08-18 09:54:00][org.springframework.web.servlet.mvc.annotation.DefaultAnnotationHandlerMapping]Mapped URL path [/demo/helloworld] onto handler 'demoController'
  [INFO] [2016-08-18 09:54:00][org.springframework.web.servlet.mvc.annotation.DefaultAnnotationHandlerMapping]Mapped URL path [/demo/helloworld.*] onto handler 'demoController'
  [INFO] [2016-08-18 09:54:00][org.springframework.web.servlet.mvc.annotation.DefaultAnnotationHandlerMapping]Mapped URL path [/demo/helloworld/] onto handler 'demoController'
  [INFO] [2016-08-18 09:54:01][org.springframework.web.servlet.DispatcherServlet]FrameworkServlet 'springmvc': initialization completed in 389 ms
  [INFO] [2016-08-18 09:54:20][cn.icartoons.demo.controller.DemoController]user:User[id=1,username=Lucy,password=123].
  [INFO] [2016-08-18 09:54:58][org.springframework.web.context.ContextLoader]Root WebApplicationContext: initialization started
  [INFO] [2016-08-18 09:54:58][org.springframework.web.context.support.XmlWebApplicationContext]Refreshing Root WebApplicationContext: startup date [Thu Aug 18 09:54:58 CST 2016]; root of context hierarchy
  [INFO] [2016-08-18 09:54:58][org.springframework.beans.factory.xml.XmlBeanDefinitionReader]Loading XML bean definitions from file [D:\workspace\kepler\demo-ssm\target\classes\spring\applicationContext-mybatis.xml]
  [INFO] [2016-08-18 09:54:58][org.springframework.beans.factory.xml.XmlBeanDefinitionReader]Loading XML bean definitions from file [D:\workspace\kepler\demo-ssm\target\classes\spring\applicationContext-service.xml]
  [INFO] [2016-08-18 09:54:58][org.springframework.context.annotation.ClassPathBeanDefinitionScanner]JSR-330 'javax.inject.Named' annotation found and supported for component scanning
  [INFO] [2016-08-18 09:54:58][org.springframework.context.support.PropertySourcesPlaceholderConfigurer]Loading properties file from class path resource [application.properties]
  [INFO] [2016-08-18 09:54:59][org.springframework.beans.factory.annotation.AutowiredAnnotationBeanPostProcessor]JSR-330 'javax.inject.Inject' annotation found and supported for autowiring
  [INFO] [2016-08-18 09:54:59][org.springframework.beans.factory.support.DefaultListableBeanFactory]Pre-instantiating singletons in org.springframework.beans.factory.support.DefaultListableBeanFactory@29b6d02e: defining beans [org.springframework.context.support.PropertySourcesPlaceholderConfigurer#0,dataSource,statFilter,slf4jLogFilter,transactionManager,sqlSessionFactory,org.mybatis.spring.mapper.MapperScannerConfigurer#0,userService,org.springframework.context.annotation.internalConfigurationAnnotationProcessor,org.springframework.context.annotation.internalAutowiredAnnotationProcessor,org.springframework.context.annotation.internalRequiredAnnotationProcessor,org.springframework.context.annotation.internalCommonAnnotationProcessor,userDao,org.springframework.context.annotation.ConfigurationClassPostProcessor.importAwareProcessor]; root of factory hierarchy
  [INFO] [2016-08-18 09:55:00][com.alibaba.druid.pool.DruidDataSource]{dataSource-1} inited
  [INFO] [2016-08-18 09:55:00][org.springframework.web.context.ContextLoader]Root WebApplicationContext: initialization completed in 2410 ms
  [INFO] [2016-08-18 09:55:00][org.springframework.web.servlet.DispatcherServlet]FrameworkServlet 'springmvc': initialization started
  [INFO] [2016-08-18 09:55:00][org.springframework.web.context.support.XmlWebApplicationContext]Refreshing WebApplicationContext for namespace 'springmvc-servlet': startup date [Thu Aug 18 09:55:00 CST 2016]; parent: Root WebApplicationContext
  [INFO] [2016-08-18 09:55:00][org.springframework.beans.factory.xml.XmlBeanDefinitionReader]Loading XML bean definitions from class path resource [spring/spring-mvc.xml]
  [INFO] [2016-08-18 09:55:00][org.springframework.context.annotation.ClassPathBeanDefinitionScanner]JSR-330 'javax.inject.Named' annotation found and supported for component scanning
  [INFO] [2016-08-18 09:55:01][org.springframework.beans.factory.annotation.AutowiredAnnotationBeanPostProcessor]JSR-330 'javax.inject.Inject' annotation found and supported for autowiring
  [INFO] [2016-08-18 09:55:01][org.springframework.beans.factory.support.DefaultListableBeanFactory]Pre-instantiating singletons in org.springframework.beans.factory.support.DefaultListableBeanFactory@3155d7fc: defining beans [demoController,org.springframework.context.annotation.internalConfigurationAnnotationProcessor,org.springframework.context.annotation.internalAutowiredAnnotationProcessor,org.springframework.context.annotation.internalRequiredAnnotationProcessor,org.springframework.context.annotation.internalCommonAnnotationProcessor,org.springframework.context.annotation.ConfigurationClassPostProcessor.importAwareProcessor]; parent: org.springframework.beans.factory.support.DefaultListableBeanFactory@29b6d02e
  [INFO] [2016-08-18 09:55:01][org.springframework.web.servlet.mvc.annotation.DefaultAnnotationHandlerMapping]Mapped URL path [/demo/helloworld] onto handler 'demoController'
  [INFO] [2016-08-18 09:55:01][org.springframework.web.servlet.mvc.annotation.DefaultAnnotationHandlerMapping]Mapped URL path [/demo/helloworld.*] onto handler 'demoController'
  [INFO] [2016-08-18 09:55:01][org.springframework.web.servlet.mvc.annotation.DefaultAnnotationHandlerMapping]Mapped URL path [/demo/helloworld/] onto handler 'demoController'
  [INFO] [2016-08-18 09:55:01][org.springframework.web.servlet.DispatcherServlet]FrameworkServlet 'springmvc': initialization completed in 362 ms
  [INFO] [2016-08-18 09:55:09][cn.icartoons.demo.controller.DemoController]user:User[id=1,username=Lucy,password=123].
  [INFO] [2016-08-18 09:57:49][org.springframework.web.context.ContextLoader]Root WebApplicationContext: initialization started
  [INFO] [2016-08-18 09:57:49][org.springframework.web.context.support.XmlWebApplicationContext]Refreshing Root WebApplicationContext: startup date [Thu Aug 18 09:57:49 CST 2016]; root of context hierarchy
  [INFO] [2016-08-18 09:57:49][org.springframework.beans.factory.xml.XmlBeanDefinitionReader]Loading XML bean definitions from file [D:\workspace\kepler\demo-ssm\target\classes\spring\applicationContext-mybatis.xml]
  [INFO] [2016-08-18 09:57:49][org.springframework.beans.factory.xml.XmlBeanDefinitionReader]Loading XML bean definitions from file [D:\workspace\kepler\demo-ssm\target\classes\spring\applicationContext-service.xml]
  [INFO] [2016-08-18 09:57:49][org.springframework.context.annotation.ClassPathBeanDefinitionScanner]JSR-330 'javax.inject.Named' annotation found and supported for component scanning
  [INFO] [2016-08-18 09:57:49][org.springframework.context.support.PropertySourcesPlaceholderConfigurer]Loading properties file from class path resource [application.properties]
  [INFO] [2016-08-18 09:57:49][org.springframework.beans.factory.annotation.AutowiredAnnotationBeanPostProcessor]JSR-330 'javax.inject.Inject' annotation found and supported for autowiring
  [INFO] [2016-08-18 09:57:49][org.springframework.beans.factory.support.DefaultListableBeanFactory]Pre-instantiating singletons in org.springframework.beans.factory.support.DefaultListableBeanFactory@2f64770c: defining beans [org.springframework.context.support.PropertySourcesPlaceholderConfigurer#0,dataSource,statFilter,slf4jLogFilter,transactionManager,sqlSessionFactory,org.mybatis.spring.mapper.MapperScannerConfigurer#0,userService,org.springframework.context.annotation.internalConfigurationAnnotationProcessor,org.springframework.context.annotation.internalAutowiredAnnotationProcessor,org.springframework.context.annotation.internalRequiredAnnotationProcessor,org.springframework.context.annotation.internalCommonAnnotationProcessor,userDao,org.springframework.context.annotation.ConfigurationClassPostProcessor.importAwareProcessor]; root of factory hierarchy
  [INFO] [2016-08-18 09:57:51][com.alibaba.druid.pool.DruidDataSource]{dataSource-1} inited
  [INFO] [2016-08-18 09:57:52][org.springframework.web.context.ContextLoader]Root WebApplicationContext: initialization completed in 2567 ms
  [INFO] [2016-08-18 09:57:52][org.springframework.web.servlet.DispatcherServlet]FrameworkServlet 'springmvc': initialization started
  [INFO] [2016-08-18 09:57:52][org.springframework.web.context.support.XmlWebApplicationContext]Refreshing WebApplicationContext for namespace 'springmvc-servlet': startup date [Thu Aug 18 09:57:52 CST 2016]; parent: Root WebApplicationContext
  [INFO] [2016-08-18 09:57:52][org.springframework.beans.factory.xml.XmlBeanDefinitionReader]Loading XML bean definitions from class path resource [spring/spring-mvc.xml]
  [INFO] [2016-08-18 09:57:52][org.springframework.context.annotation.ClassPathBeanDefinitionScanner]JSR-330 'javax.inject.Named' annotation found and supported for component scanning
  [INFO] [2016-08-18 09:57:52][org.springframework.beans.factory.annotation.AutowiredAnnotationBeanPostProcessor]JSR-330 'javax.inject.Inject' annotation found and supported for autowiring
  [INFO] [2016-08-18 09:57:52][org.springframework.beans.factory.support.DefaultListableBeanFactory]Pre-instantiating singletons in org.springframework.beans.factory.support.DefaultListableBeanFactory@ce5188e: defining beans [demoController,org.springframework.context.annotation.internalConfigurationAnnotationProcessor,org.springframework.context.annotation.internalAutowiredAnnotationProcessor,org.springframework.context.annotation.internalRequiredAnnotationProcessor,org.springframework.context.annotation.internalCommonAnnotationProcessor,org.springframework.context.annotation.ConfigurationClassPostProcessor.importAwareProcessor]; parent: org.springframework.beans.factory.support.DefaultListableBeanFactory@2f64770c
  [INFO] [2016-08-18 09:57:52][org.springframework.web.servlet.mvc.annotation.DefaultAnnotationHandlerMapping]Mapped URL path [/demo/helloworld] onto handler 'demoController'
  [INFO] [2016-08-18 09:57:52][org.springframework.web.servlet.mvc.annotation.DefaultAnnotationHandlerMapping]Mapped URL path [/demo/helloworld.*] onto handler 'demoController'
  [INFO] [2016-08-18 09:57:52][org.springframework.web.servlet.mvc.annotation.DefaultAnnotationHandlerMapping]Mapped URL path [/demo/helloworld/] onto handler 'demoController'
  [INFO] [2016-08-18 09:57:52][org.springframework.web.servlet.DispatcherServlet]FrameworkServlet 'springmvc': initialization completed in 387 ms
  [INFO] [2016-08-18 09:58:05][cn.icartoons.demo.controller.DemoController]user:User[id=1,username=Lucy,password=123].
  [INFO] [2016-08-18 10:00:35][org.springframework.web.context.ContextLoader]Root WebApplicationContext: initialization started
  [INFO] [2016-08-18 10:00:35][org.springframework.web.context.support.XmlWebApplicationContext]Refreshing Root WebApplicationContext: startup date [Thu Aug 18 10:00:35 CST 2016]; root of context hierarchy
  [INFO] [2016-08-18 10:00:35][org.springframework.beans.factory.xml.XmlBeanDefinitionReader]Loading XML bean definitions from file [D:\workspace\kepler\demo-ssm\target\classes\spring\applicationContext-mybatis.xml]
  [INFO] [2016-08-18 10:00:35][org.springframework.beans.factory.xml.XmlBeanDefinitionReader]Loading XML bean definitions from file [D:\workspace\kepler\demo-ssm\target\classes\spring\applicationContext-service.xml]
  [INFO] [2016-08-18 10:00:36][org.springframework.context.annotation.ClassPathBeanDefinitionScanner]JSR-330 'javax.inject.Named' annotation found and supported for component scanning
  [INFO] [2016-08-18 10:00:36][org.springframework.context.support.PropertySourcesPlaceholderConfigurer]Loading properties file from class path resource [application.properties]
  [INFO] [2016-08-18 10:00:36][org.springframework.beans.factory.annotation.AutowiredAnnotationBeanPostProcessor]JSR-330 'javax.inject.Inject' annotation found and supported for autowiring
  [INFO] [2016-08-18 10:00:36][org.springframework.beans.factory.support.DefaultListableBeanFactory]Pre-instantiating singletons in org.springframework.beans.factory.support.DefaultListableBeanFactory@5e3c14a0: defining beans [org.springframework.context.support.PropertySourcesPlaceholderConfigurer#0,dataSource,statFilter,slf4jLogFilter,transactionManager,sqlSessionFactory,org.mybatis.spring.mapper.MapperScannerConfigurer#0,userService,org.springframework.context.annotation.internalConfigurationAnnotationProcessor,org.springframework.context.annotation.internalAutowiredAnnotationProcessor,org.springframework.context.annotation.internalRequiredAnnotationProcessor,org.springframework.context.annotation.internalCommonAnnotationProcessor,userDao,org.springframework.context.annotation.ConfigurationClassPostProcessor.importAwareProcessor]; root of factory hierarchy
  [INFO] [2016-08-18 10:00:37][com.alibaba.druid.pool.DruidDataSource]{dataSource-1} inited
  [INFO] [2016-08-18 10:00:38][org.springframework.web.context.ContextLoader]Root WebApplicationContext: initialization completed in 2512 ms
  [INFO] [2016-08-18 10:00:38][org.springframework.web.servlet.DispatcherServlet]FrameworkServlet 'springmvc': initialization started
  [INFO] [2016-08-18 10:00:38][org.springframework.web.context.support.XmlWebApplicationContext]Refreshing WebApplicationContext for namespace 'springmvc-servlet': startup date [Thu Aug 18 10:00:38 CST 2016]; parent: Root WebApplicationContext
  [INFO] [2016-08-18 10:00:38][org.springframework.beans.factory.xml.XmlBeanDefinitionReader]Loading XML bean definitions from class path resource [spring/spring-mvc.xml]
  [INFO] [2016-08-18 10:00:38][org.springframework.context.annotation.ClassPathBeanDefinitionScanner]JSR-330 'javax.inject.Named' annotation found and supported for component scanning
  [INFO] [2016-08-18 10:00:38][org.springframework.beans.factory.annotation.AutowiredAnnotationBeanPostProcessor]JSR-330 'javax.inject.Inject' annotation found and supported for autowiring
  [INFO] [2016-08-18 10:00:38][org.springframework.beans.factory.support.DefaultListableBeanFactory]Pre-instantiating singletons in org.springframework.beans.factory.support.DefaultListableBeanFactory@7a6f212a: defining beans [demoController,org.springframework.context.annotation.internalConfigurationAnnotationProcessor,org.springframework.context.annotation.internalAutowiredAnnotationProcessor,org.springframework.context.annotation.internalRequiredAnnotationProcessor,org.springframework.context.annotation.internalCommonAnnotationProcessor,org.springframework.context.annotation.ConfigurationClassPostProcessor.importAwareProcessor]; parent: org.springframework.beans.factory.support.DefaultListableBeanFactory@5e3c14a0
  [INFO] [2016-08-18 10:00:38][org.springframework.web.servlet.mvc.annotation.DefaultAnnotationHandlerMapping]Mapped URL path [/demo/helloworld] onto handler 'demoController'
  [INFO] [2016-08-18 10:00:38][org.springframework.web.servlet.mvc.annotation.DefaultAnnotationHandlerMapping]Mapped URL path [/demo/helloworld.*] onto handler 'demoController'
  [INFO] [2016-08-18 10:00:38][org.springframework.web.servlet.mvc.annotation.DefaultAnnotationHandlerMapping]Mapped URL path [/demo/helloworld/] onto handler 'demoController'
  [INFO] [2016-08-18 10:00:38][org.springframework.web.servlet.DispatcherServlet]FrameworkServlet 'springmvc': initialization completed in 359 ms
  [INFO] [2016-08-18 10:00:43][cn.icartoons.demo.controller.DemoController]user:User[id=1,username=Lucy,password=123].
  [INFO] [2016-08-18 10:30:11][org.springframework.web.context.ContextLoader]Root WebApplicationContext: initialization started
  [INFO] [2016-08-18 10:30:11][org.springframework.web.context.support.XmlWebApplicationContext]Refreshing Root WebApplicationContext: startup date [Thu Aug 18 10:30:11 CST 2016]; root of context hierarchy
  [INFO] [2016-08-18 10:30:11][org.springframework.beans.factory.xml.XmlBeanDefinitionReader]Loading XML bean definitions from file [D:\workspace\kepler\demo-ssm\target\classes\spring\applicationContext-mybatis.xml]
  [INFO] [2016-08-18 10:30:11][org.springframework.beans.factory.xml.XmlBeanDefinitionReader]Loading XML bean definitions from file [D:\workspace\kepler\demo-ssm\target\classes\spring\applicationContext-service.xml]
  [INFO] [2016-08-18 10:30:11][org.springframework.context.annotation.ClassPathBeanDefinitionScanner]JSR-330 'javax.inject.Named' annotation found and supported for component scanning
  [INFO] [2016-08-18 10:30:11][org.springframework.context.support.PropertySourcesPlaceholderConfigurer]Loading properties file from class path resource [application.properties]
  [INFO] [2016-08-18 10:30:11][org.springframework.beans.factory.annotation.AutowiredAnnotationBeanPostProcessor]JSR-330 'javax.inject.Inject' annotation found and supported for autowiring
  [INFO] [2016-08-18 10:30:11][org.springframework.beans.factory.support.DefaultListableBeanFactory]Pre-instantiating singletons in org.springframework.beans.factory.support.DefaultListableBeanFactory@2dd52fd4: defining beans [org.springframework.context.support.PropertySourcesPlaceholderConfigurer#0,dataSource,statFilter,slf4jLogFilter,transactionManager,sqlSessionFactory,org.mybatis.spring.mapper.MapperScannerConfigurer#0,userService,org.springframework.context.annotation.internalConfigurationAnnotationProcessor,org.springframework.context.annotation.internalAutowiredAnnotationProcessor,org.springframework.context.annotation.internalRequiredAnnotationProcessor,org.springframework.context.annotation.internalCommonAnnotationProcessor,userDao,org.springframework.context.annotation.ConfigurationClassPostProcessor.importAwareProcessor]; root of factory hierarchy
  [INFO] [2016-08-18 10:30:13][com.alibaba.druid.pool.DruidDataSource]{dataSource-1} inited
  [INFO] [2016-08-18 10:30:14][org.springframework.web.context.ContextLoader]Root WebApplicationContext: initialization completed in 2697 ms
  [INFO] [2016-08-18 10:30:14][org.springframework.web.servlet.DispatcherServlet]FrameworkServlet 'springmvc': initialization started
  [INFO] [2016-08-18 10:30:14][org.springframework.web.context.support.XmlWebApplicationContext]Refreshing WebApplicationContext for namespace 'springmvc-servlet': startup date [Thu Aug 18 10:30:14 CST 2016]; parent: Root WebApplicationContext
  [INFO] [2016-08-18 10:30:14][org.springframework.beans.factory.xml.XmlBeanDefinitionReader]Loading XML bean definitions from class path resource [spring/spring-mvc.xml]
  [INFO] [2016-08-18 10:30:14][org.springframework.context.annotation.ClassPathBeanDefinitionScanner]JSR-330 'javax.inject.Named' annotation found and supported for component scanning
  [INFO] [2016-08-18 10:30:14][org.springframework.beans.factory.annotation.AutowiredAnnotationBeanPostProcessor]JSR-330 'javax.inject.Inject' annotation found and supported for autowiring
  [INFO] [2016-08-18 10:30:14][org.springframework.beans.factory.support.DefaultListableBeanFactory]Pre-instantiating singletons in org.springframework.beans.factory.support.DefaultListableBeanFactory@24c34121: defining beans [demoController,org.springframework.context.annotation.internalConfigurationAnnotationProcessor,org.springframework.context.annotation.internalAutowiredAnnotationProcessor,org.springframework.context.annotation.internalRequiredAnnotationProcessor,org.springframework.context.annotation.internalCommonAnnotationProcessor,org.springframework.context.annotation.ConfigurationClassPostProcessor.importAwareProcessor]; parent: org.springframework.beans.factory.support.DefaultListableBeanFactory@2dd52fd4
  [INFO] [2016-08-18 10:30:14][org.springframework.web.servlet.mvc.annotation.DefaultAnnotationHandlerMapping]Mapped URL path [/demo/helloworld] onto handler 'demoController'
  [INFO] [2016-08-18 10:30:14][org.springframework.web.servlet.mvc.annotation.DefaultAnnotationHandlerMapping]Mapped URL path [/demo/helloworld.*] onto handler 'demoController'
  [INFO] [2016-08-18 10:30:14][org.springframework.web.servlet.mvc.annotation.DefaultAnnotationHandlerMapping]Mapped URL path [/demo/helloworld/] onto handler 'demoController'
  [INFO] [2016-08-18 10:30:14][org.springframework.web.servlet.DispatcherServlet]FrameworkServlet 'springmvc': initialization completed in 395 ms
  